<?xml version="1.0" encoding="UTF-8"?>
<!-- Generated by org.testng.reporters.JUnitReportReporter -->
<testsuite hostname="DESKTOP-SGOLO4O" failures="0" tests="1" name="com.liveproject1.testcases.LoginTest" time="0.281" errors="0" timestamp="12 Oct 2023 19:07:18 GMT" skipped="0">
  <testcase classname="com.liveproject1.testcases.LoginTest" name="LoginTest" time="0.281"/>
</testsuite> <!-- com.liveproject1.testcases.LoginTest -->
