<?xml version="1.0" encoding="UTF-8"?>
<!-- Generated by org.testng.reporters.JUnitReportReporter -->
<testsuite hostname="DESKTOP-SGOLO4O" failures="0" tests="5" name="com.liveproject1.testcases.AddCustomerTest" time="22.208" errors="0" timestamp="12 Oct 2023 19:07:18 GMT" skipped="0">
  <testcase classname="com.liveproject1.testcases.AddCustomerTest" name="AddCustomerTest" time="4.447"/>
  <testcase classname="com.liveproject1.testcases.AddCustomerTest" name="AddCustomerTest" time="4.450"/>
  <testcase classname="com.liveproject1.testcases.AddCustomerTest" name="AddCustomerTest" time="4.443"/>
  <testcase classname="com.liveproject1.testcases.AddCustomerTest" name="AddCustomerTest" time="4.403"/>
  <testcase classname="com.liveproject1.testcases.AddCustomerTest" name="AddCustomerTest" time="4.465"/>
</testsuite> <!-- com.liveproject1.testcases.AddCustomerTest -->
