<?xml version="1.0" encoding="UTF-8"?>
<!-- Generated by org.testng.reporters.JUnitReportReporter -->
<testsuite hostname="DESKTOP-SGOLO4O" failures="0" tests="1" name="com.liveproject1.testcases.OpenAccountTest" time="2.897" errors="0" timestamp="12 Oct 2023 19:07:18 GMT" skipped="0">
  <testcase classname="com.liveproject1.testcases.OpenAccountTest" name="OpenAccountTest" time="2.897"/>
</testsuite> <!-- com.liveproject1.testcases.OpenAccountTest -->
